{"message":"Server started on port 9000...","level":"info"}
{"message":"Connected to mongodb://localhost/dwtnode...","level":"info"}
{"message":"Server started on port 9000...","level":"info"}
{"message":"Connected to mongodb://localhost/dwtnode...","level":"info"}
{"message":"Server started on port 9000...","level":"info"}
{"message":"Connected to mongodb://localhost/dwtnode...","level":"info"}
{"message":"Server started on port 9000...","level":"info"}
{"message":"Connected to mongodb://localhost/dwtnode...","level":"info"}
{"message":"Server started on port 9000...","level":"info"}
{"message":"Server started on port 9000...","level":"info"}
{"message":"Connected to mongodb://localhost/dwtnode...","level":"info"}
{"message":"Server started on port 9000...","level":"info"}
{"message":"Connected to mongodb://localhost/dwtnode...","level":"info"}
{"message":"Server started on port 9000...","level":"info"}
{"message":"Connected to mongodb://localhost/dwtnode...","level":"info"}
{"message":"Server started on port 9000...","level":"info"}
{"message":"Connected to mongodb://localhost/dwtnode...","level":"info"}
{"message":"Server started on port 9000...","level":"info"}
{"message":"Connected to mongodb://localhost/dwtnode...","level":"info"}
{"message":"Server started on port 9000...","level":"info"}
{"message":"Connected to mongodb://localhost/dwtnode...","level":"info"}
{"message":"Server started on port 9000...","level":"info"}
{"message":"Connected to mongodb://localhost/dwtnode...","level":"info"}
{"expose":true,"statusCode":400,"status":400,"body":"{ \"fromId\":\"5f8706c516f3a20f68f984bf\", \"listingId\":\"6085c45a45655a23f028ca8d\",\r\n\"message\":\"omertosmith1\",toId\":\"5f87082516f3a20f68f984c1\" }","type":"entity.parse.failed","level":"error","message":"Unexpected token t in JSON at position 105 Unexpected token t in JSON at position 105","stack":"SyntaxError: Unexpected token t in JSON at position 105\n    at JSON.parse (<anonymous>)\n    at parse (C:\\Users\\Hameed\\Desktop\\rn-node\\node_modules\\body-parser\\lib\\types\\json.js:89:19)\n    at C:\\Users\\Hameed\\Desktop\\rn-node\\node_modules\\body-parser\\lib\\read.js:121:18\n    at invokeCallback (C:\\Users\\Hameed\\Desktop\\rn-node\\node_modules\\raw-body\\index.js:224:16)\n    at done (C:\\Users\\Hameed\\Desktop\\rn-node\\node_modules\\raw-body\\index.js:213:7)\n    at IncomingMessage.onEnd (C:\\Users\\Hameed\\Desktop\\rn-node\\node_modules\\raw-body\\index.js:273:7)\n    at IncomingMessage.emit (events.js:327:22)\n    at endReadableNT (_stream_readable.js:1220:12)\n    at processTicksAndRejections (internal/process/task_queues.js:84:21)"}
{"message":"Server started on port 9000...","level":"info"}
{"message":"Connected to mongodb://localhost/dwtnode...","level":"info"}
{"message":"Server started on port 9000...","level":"info"}
{"message":"Connected to mongodb://localhost/dwtnode...","level":"info"}
{"message":"Server started on port 9000...","level":"info"}
{"message":"Connected to mongodb://localhost/dwtnode...","level":"info"}
{"message":"Server started on port 9000...","level":"info"}
{"message":"Connected to mongodb://localhost/dwtnode...","level":"info"}
{"message":"Server started on port 9000...","level":"info"}
{"message":"Connected to mongodb://localhost/dwtnode...","level":"info"}
{"message":"Server started on port 9000...","level":"info"}
{"message":"Connected to mongodb://localhost/dwtnode...","level":"info"}
{"message":"Server started on port 9000...","level":"info"}
{"message":"Connected to mongodb://localhost/dwtnode...","level":"info"}
{"message":"Server started on port 9000...","level":"info"}
{"message":"Connected to mongodb://localhost/dwtnode...","level":"info"}
{"message":"Server started on port 9000...","level":"info"}
{"message":"Connected to mongodb://localhost/dwtnode...","level":"info"}
{"message":"Server started on port 9000...","level":"info"}
{"message":"Connected to mongodb://localhost/dwtnode...","level":"info"}
{"message":"Server started on port 9000...","level":"info"}
{"message":"Connected to mongodb://localhost/dwtnode...","level":"info"}
{"message":"Server started on port 9000...","level":"info"}
{"message":"Connected to mongodb://localhost/dwtnode...","level":"info"}
{"message":"Server started on port 9000...","level":"info"}
{"message":"Connected to mongodb://localhost/dwtnode...","level":"info"}
{"message":"Server started on port 9000...","level":"info"}
{"message":"Connected to mongodb://localhost/dwtnode...","level":"info"}
{"message":"Server started on port 9000...","level":"info"}
{"message":"Connected to mongodb://localhost/dwtnode...","level":"info"}
{"message":"Server started on port 9000...","level":"info"}
{"message":"Connected to mongodb://localhost/dwtnode...","level":"info"}
{"message":"Server started on port 9000...","level":"info"}
{"message":"Connected to mongodb://localhost/dwtnode...","level":"info"}
{"message":"Server started on port 9000...","level":"info"}
{"message":"Connected to mongodb://localhost/dwtnode...","level":"info"}
{"message":"Server started on port 9000...","level":"info"}
{"message":"Connected to mongodb://localhost/dwtnode...","level":"info"}
{"message":"Server started on port 9000...","level":"info"}
{"message":"Connected to mongodb://localhost/dwtnode...","level":"info"}
{"message":"Server started on port 9000...","level":"info"}
{"message":"Connected to mongodb://localhost/dwtnode...","level":"info"}
{"message":"Server started on port 9000...","level":"info"}
{"message":"Connected to mongodb://localhost/dwtnode...","level":"info"}
{"message":"Server started on port 9000...","level":"info"}
{"message":"Connected to mongodb://localhost/dwtnode...","level":"info"}
{"message":"Server started on port 9000...","level":"info"}
{"message":"Connected to mongodb://localhost/dwtnode...","level":"info"}
{"message":"Server started on port 9000...","level":"info"}
{"message":"Connected to mongodb://localhost/dwtnode...","level":"info"}
{"message":"Server started on port 9000...","level":"info"}
{"message":"Connected to mongodb://localhost/dwtnode...","level":"info"}
{"message":"Server started on port 9000...","level":"info"}
{"message":"Connected to mongodb://localhost/dwtnode...","level":"info"}
{"message":"Server started on port 9000...","level":"info"}
{"message":"Connected to mongodb://localhost/dwtnode...","level":"info"}
{"message":"Server started on port 9000...","level":"info"}
{"message":"Connected to mongodb://localhost/dwtnode...","level":"info"}
{"message":"Server started on port 9000...","level":"info"}
{"message":"Connected to mongodb://localhost/dwtnode...","level":"info"}
{"message":"Server started on port 9000...","level":"info"}
{"message":"Connected to mongodb://localhost/dwtnode...","level":"info"}
{"message":"Server started on port 9000...","level":"info"}
{"message":"Connected to mongodb://localhost/dwtnode...","level":"info"}
{"message":"Server started on port 9000...","level":"info"}
{"message":"Connected to mongodb://localhost/dwtnode...","level":"info"}
{"message":"Server started on port 9000...","level":"info"}
{"message":"Connected to mongodb://localhost/dwtnode...","level":"info"}
{"message":"Server started on port 9000...","level":"info"}
{"message":"Connected to mongodb://localhost/dwtnode...","level":"info"}
{"message":"Server started on port 9000...","level":"info"}
{"message":"Connected to mongodb://localhost/dwtnode...","level":"info"}
{"message":"Server started on port 9000...","level":"info"}
{"message":"Connected to mongodb://localhost/dwtnode...","level":"info"}
{"message":"Server started on port 9000...","level":"info"}
{"message":"Connected to mongodb://localhost/dwtnode...","level":"info"}
{"message":"Server started on port 9000...","level":"info"}
{"message":"Connected to mongodb://localhost/dwtnode...","level":"info"}
{"message":"Server started on port 9000...","level":"info"}
{"message":"Connected to mongodb://localhost/dwtnode...","level":"info"}
{"message":"Server started on port 9000...","level":"info"}
{"message":"Connected to mongodb://localhost/dwtnode...","level":"info"}
{"message":"Server started on port 9000...","level":"info"}
{"message":"Connected to mongodb://localhost/dwtnode...","level":"info"}
{"message":"Server started on port 9000...","level":"info"}
{"message":"Connected to mongodb://localhost/dwtnode...","level":"info"}
{"message":"Server started on port 9000...","level":"info"}
{"message":"Connected to mongodb://localhost/dwtnode...","level":"info"}
{"message":"Server started on port 9000...","level":"info"}
{"message":"Connected to mongodb://localhost/dwtnode...","level":"info"}
{"message":"Server started on port 9000...","level":"info"}
{"message":"Connected to mongodb://localhost/dwtnode...","level":"info"}
{"message":"Server started on port 9000...","level":"info"}
{"message":"Connected to mongodb://localhost/dwtnode...","level":"info"}
{"message":"Server started on port 9000...","level":"info"}
{"message":"Connected to mongodb://localhost/dwtnode...","level":"info"}
{"message":"Server started on port 9000...","level":"info"}
{"message":"Connected to mongodb://localhost/dwtnode...","level":"info"}
{"message":"Server started on port 9000...","level":"info"}
{"message":"Connected to mongodb://localhost/dwtnode...","level":"info"}
{"message":"Server started on port 9000...","level":"info"}
{"message":"Connected to mongodb://localhost/dwtnode...","level":"info"}
{"message":"Server started on port 9000...","level":"info"}
{"message":"Connected to mongodb://localhost/dwtnode...","level":"info"}
{"message":"Server started on port 9000...","level":"info"}
{"message":"Connected to mongodb://localhost/dwtnode...","level":"info"}
{"expose":true,"statusCode":400,"status":400,"body":"{ \"toId\":\"5f8706c516f3a20f68f984bf\",\n\"listingId\":\"6085c45a45655a23f028ca8d\",\n\"message\":\"fine thank u...:\")\"\",\n\"fromId\":\"5f87082516f3a20f68f984c1\"\n}","type":"entity.parse.failed","level":"error","message":"Unexpected token ) in JSON at position 105 Unexpected token ) in JSON at position 105","stack":"SyntaxError: Unexpected token ) in JSON at position 105\n    at JSON.parse (<anonymous>)\n    at parse (C:\\Users\\Hameed\\Desktop\\rn-node\\node_modules\\body-parser\\lib\\types\\json.js:89:19)\n    at C:\\Users\\Hameed\\Desktop\\rn-node\\node_modules\\body-parser\\lib\\read.js:121:18\n    at invokeCallback (C:\\Users\\Hameed\\Desktop\\rn-node\\node_modules\\raw-body\\index.js:224:16)\n    at done (C:\\Users\\Hameed\\Desktop\\rn-node\\node_modules\\raw-body\\index.js:213:7)\n    at IncomingMessage.onEnd (C:\\Users\\Hameed\\Desktop\\rn-node\\node_modules\\raw-body\\index.js:273:7)\n    at IncomingMessage.emit (events.js:327:22)\n    at endReadableNT (_stream_readable.js:1220:12)\n    at processTicksAndRejections (internal/process/task_queues.js:84:21)"}
{"message":"Server started on port 9000...","level":"info"}
{"message":"Connected to mongodb://localhost/dwtnode...","level":"info"}
{"message":"Server started on port 9000...","level":"info"}
{"message":"Connected to mongodb://localhost/dwtnode...","level":"info"}
{"message":"Server started on port 9000...","level":"info"}
{"message":"Connected to mongodb://localhost/dwtnode...","level":"info"}
{"message":"Server started on port 9000...","level":"info"}
{"message":"Connected to mongodb://localhost/dwtnode...","level":"info"}
{"message":"Server started on port 9000...","level":"info"}
{"message":"Connected to mongodb://localhost/dwtnode...","level":"info"}
{"message":"Server started on port 9000...","level":"info"}
{"message":"Connected to mongodb://localhost/dwtnode...","level":"info"}
{"message":"Server started on port 9000...","level":"info"}
{"message":"Connected to mongodb://localhost/dwtnode...","level":"info"}
{"message":"Server started on port 9000...","level":"info"}
{"message":"Connected to mongodb://localhost/dwtnode...","level":"info"}
{"message":"Server started on port 9000...","level":"info"}
{"message":"Connected to mongodb://localhost/dwtnode...","level":"info"}
{"level":"error","message":"message is not defined message is not defined","stack":"ReferenceError: message is not defined\n    at C:\\Users\\Hameed\\Desktop\\rn-node\\routes\\messages.js:95:12\n    at newFn (C:\\Users\\Hameed\\Desktop\\rn-node\\node_modules\\express-async-errors\\index.js:16:20)\n    at Layer.handle [as handle_request] (C:\\Users\\Hameed\\Desktop\\rn-node\\node_modules\\express\\lib\\router\\layer.js:95:5)\n    at next (C:\\Users\\Hameed\\Desktop\\rn-node\\node_modules\\express\\lib\\router\\route.js:137:13)\n    at Route.dispatch (C:\\Users\\Hameed\\Desktop\\rn-node\\node_modules\\express\\lib\\router\\route.js:112:3)\n    at newFn (C:\\Users\\Hameed\\Desktop\\rn-node\\node_modules\\express-async-errors\\index.js:16:20)\n    at Layer.handle [as handle_request] (C:\\Users\\Hameed\\Desktop\\rn-node\\node_modules\\express\\lib\\router\\layer.js:95:5)\n    at C:\\Users\\Hameed\\Desktop\\rn-node\\node_modules\\express\\lib\\router\\index.js:281:22\n    at param (C:\\Users\\Hameed\\Desktop\\rn-node\\node_modules\\express\\lib\\router\\index.js:354:14)\n    at param (C:\\Users\\Hameed\\Desktop\\rn-node\\node_modules\\express\\lib\\router\\index.js:365:14)\n    at Function.process_params (C:\\Users\\Hameed\\Desktop\\rn-node\\node_modules\\express\\lib\\router\\index.js:410:3)\n    at next (C:\\Users\\Hameed\\Desktop\\rn-node\\node_modules\\express\\lib\\router\\index.js:275:10)\n    at Function.handle (C:\\Users\\Hameed\\Desktop\\rn-node\\node_modules\\express\\lib\\router\\index.js:174:3)\n    at router (C:\\Users\\Hameed\\Desktop\\rn-node\\node_modules\\express\\lib\\router\\index.js:47:12)\n    at newFn (C:\\Users\\Hameed\\Desktop\\rn-node\\node_modules\\express-async-errors\\index.js:16:20)\n    at Layer.handle [as handle_request] (C:\\Users\\Hameed\\Desktop\\rn-node\\node_modules\\express\\lib\\router\\layer.js:95:5)"}
{"message":"Server started on port 9000...","level":"info"}
{"message":"Connected to mongodb://localhost/dwtnode...","level":"info"}
{"driver":true,"name":"MongoError","index":0,"code":2,"level":"error","message":"Cannot apply $pull to a non-array value Cannot apply $pull to a non-array value","stack":"MongoError: Cannot apply $pull to a non-array value\n    at Function.create (C:\\Users\\Hameed\\Desktop\\rn-node\\node_modules\\mongodb\\lib\\core\\error.js:57:12)\n    at toError (C:\\Users\\Hameed\\Desktop\\rn-node\\node_modules\\mongodb\\lib\\utils.js:123:22)\n    at C:\\Users\\Hameed\\Desktop\\rn-node\\node_modules\\mongodb\\lib\\operations\\common_functions.js:379:39\n    at handler (C:\\Users\\Hameed\\Desktop\\rn-node\\node_modules\\mongodb\\lib\\core\\sdam\\topology.js:942:24)\n    at C:\\Users\\Hameed\\Desktop\\rn-node\\node_modules\\mongodb\\lib\\cmap\\connection_pool.js:350:13\n    at handleOperationResult (C:\\Users\\Hameed\\Desktop\\rn-node\\node_modules\\mongodb\\lib\\core\\sdam\\server.js:558:5)\n    at MessageStream.messageHandler (C:\\Users\\Hameed\\Desktop\\rn-node\\node_modules\\mongodb\\lib\\cmap\\connection.js:277:5)\n    at MessageStream.emit (events.js:315:20)\n    at processIncomingData (C:\\Users\\Hameed\\Desktop\\rn-node\\node_modules\\mongodb\\lib\\cmap\\message_stream.js:144:12)\n    at MessageStream._write (C:\\Users\\Hameed\\Desktop\\rn-node\\node_modules\\mongodb\\lib\\cmap\\message_stream.js:42:5)\n    at doWrite (_stream_writable.js:403:12)\n    at writeOrBuffer (_stream_writable.js:387:5)\n    at MessageStream.Writable.write (_stream_writable.js:318:11)\n    at Socket.ondata (_stream_readable.js:716:22)\n    at Socket.emit (events.js:315:20)\n    at addChunk (_stream_readable.js:295:12)"}
{"message":"Server started on port 9000...","level":"info"}
{"message":"Connected to mongodb://localhost/dwtnode...","level":"info"}
{"driver":true,"name":"MongoError","index":0,"code":2,"level":"error","message":"Cannot apply $pull to a non-array value Cannot apply $pull to a non-array value","stack":"MongoError: Cannot apply $pull to a non-array value\n    at Function.create (C:\\Users\\Hameed\\Desktop\\rn-node\\node_modules\\mongodb\\lib\\core\\error.js:57:12)\n    at toError (C:\\Users\\Hameed\\Desktop\\rn-node\\node_modules\\mongodb\\lib\\utils.js:123:22)\n    at C:\\Users\\Hameed\\Desktop\\rn-node\\node_modules\\mongodb\\lib\\operations\\common_functions.js:379:39\n    at handler (C:\\Users\\Hameed\\Desktop\\rn-node\\node_modules\\mongodb\\lib\\core\\sdam\\topology.js:942:24)\n    at C:\\Users\\Hameed\\Desktop\\rn-node\\node_modules\\mongodb\\lib\\cmap\\connection_pool.js:350:13\n    at handleOperationResult (C:\\Users\\Hameed\\Desktop\\rn-node\\node_modules\\mongodb\\lib\\core\\sdam\\server.js:558:5)\n    at MessageStream.messageHandler (C:\\Users\\Hameed\\Desktop\\rn-node\\node_modules\\mongodb\\lib\\cmap\\connection.js:277:5)\n    at MessageStream.emit (events.js:315:20)\n    at processIncomingData (C:\\Users\\Hameed\\Desktop\\rn-node\\node_modules\\mongodb\\lib\\cmap\\message_stream.js:144:12)\n    at MessageStream._write (C:\\Users\\Hameed\\Desktop\\rn-node\\node_modules\\mongodb\\lib\\cmap\\message_stream.js:42:5)\n    at doWrite (_stream_writable.js:403:12)\n    at writeOrBuffer (_stream_writable.js:387:5)\n    at MessageStream.Writable.write (_stream_writable.js:318:11)\n    at Socket.ondata (_stream_readable.js:716:22)\n    at Socket.emit (events.js:315:20)\n    at addChunk (_stream_readable.js:295:12)"}
{"message":"Server started on port 9000...","level":"info"}
{"message":"Connected to mongodb://localhost/dwtnode...","level":"info"}
{"message":"Server started on port 9000...","level":"info"}
{"message":"Connected to mongodb://localhost/dwtnode...","level":"info"}
{"message":"Server started on port 9000...","level":"info"}
{"message":"Connected to mongodb://localhost/dwtnode...","level":"info"}
{"level":"error","message":"Assignment to constant variable. Assignment to constant variable.","stack":"TypeError: Assignment to constant variable.\n    at C:\\Users\\Hameed\\Desktop\\rn-node\\routes\\messages.js:93:11\n    at processTicksAndRejections (internal/process/task_queues.js:97:5)"}
{"message":"Server started on port 9000...","level":"info"}
{"message":"Connected to mongodb://localhost/dwtnode...","level":"info"}
{"level":"error","message":"Assignment to constant variable. Assignment to constant variable.","stack":"TypeError: Assignment to constant variable.\n    at C:\\Users\\Hameed\\Desktop\\rn-node\\routes\\messages.js:93:11\n    at processTicksAndRejections (internal/process/task_queues.js:97:5)"}
{"message":"Server started on port 9000...","level":"info"}
{"message":"Connected to mongodb://localhost/dwtnode...","level":"info"}
{"message":"Server started on port 9000...","level":"info"}
{"message":"Connected to mongodb://localhost/dwtnode...","level":"info"}
{"message":"Server started on port 9000...","level":"info"}
{"message":"Connected to mongodb://localhost/dwtnode...","level":"info"}
{"message":"Server started on port 9000...","level":"info"}
{"message":"Connected to mongodb://localhost/dwtnode...","level":"info"}
{"message":"Server started on port 9000...","level":"info"}
{"message":"Connected to mongodb://localhost/dwtnode...","level":"info"}
{"message":"Server started on port 9000...","level":"info"}
{"message":"Connected to mongodb://localhost/dwtnode...","level":"info"}
{"message":"Server started on port 9000...","level":"info"}
{"message":"Connected to mongodb://localhost/dwtnode...","level":"info"}
{"message":"Server started on port 9000...","level":"info"}
{"message":"Connected to mongodb://localhost/dwtnode...","level":"info"}
{"message":"Server started on port 9000...","level":"info"}
{"message":"Connected to mongodb://localhost/dwtnode...","level":"info"}
{"message":"Server started on port 9000...","level":"info"}
{"message":"Connected to mongodb://localhost/dwtnode...","level":"info"}
{"message":"Server started on port 9000...","level":"info"}
{"message":"Connected to mongodb://localhost/dwtnode...","level":"info"}
{"message":"Server started on port 9000...","level":"info"}
{"message":"Connected to mongodb://localhost/dwtnode...","level":"info"}
{"message":"Server started on port 9000...","level":"info"}
{"message":"Connected to mongodb://localhost/dwtnode...","level":"info"}
{"message":"Server started on port 9000...","level":"info"}
{"message":"Connected to mongodb://localhost/dwtnode...","level":"info"}
{"message":"Server started on port 9000...","level":"info"}
{"message":"Connected to mongodb://localhost/dwtnode...","level":"info"}
{"message":"Server started on port 9000...","level":"info"}
{"message":"Connected to mongodb://localhost/dwtnode...","level":"info"}
{"message":"Server started on port 9000...","level":"info"}
{"message":"Connected to mongodb://localhost/dwtnode...","level":"info"}
{"message":"Server started on port 9000...","level":"info"}
{"message":"Connected to mongodb://localhost/dwtnode...","level":"info"}
{"message":"Server started on port 9000...","level":"info"}
{"message":"Connected to mongodb://localhost/dwtnode...","level":"info"}
{"message":"Server started on port 9000...","level":"info"}
{"message":"Connected to mongodb://localhost/dwtnode...","level":"info"}
{"message":"Server started on port 9000...","level":"info"}
{"message":"Connected to mongodb://localhost/dwtnode...","level":"info"}
{"message":"Server started on port 9000...","level":"info"}
{"message":"Connected to mongodb://localhost/dwtnode...","level":"info"}
{"message":"Server started on port 9000...","level":"info"}
{"message":"Connected to mongodb://localhost/dwtnode...","level":"info"}
{"message":"Server started on port 9000...","level":"info"}
{"message":"Connected to mongodb://localhost/dwtnode...","level":"info"}
{"message":"Server started on port 9000...","level":"info"}
{"message":"Connected to mongodb://localhost/dwtnode...","level":"info"}
{"message":"Server started on port 9000...","level":"info"}
{"message":"Connected to mongodb://localhost/dwtnode...","level":"info"}
{"message":"Server started on port 9000...","level":"info"}
{"message":"Connected to mongodb://localhost/dwtnode...","level":"info"}
{"message":"Server started on port 9000...","level":"info"}
{"message":"Connected to mongodb://localhost/dwtnode...","level":"info"}
{"message":"Server started on port 9000...","level":"info"}
{"message":"Connected to mongodb://localhost/dwtnode...","level":"info"}
{"message":"Server started on port 9000...","level":"info"}
{"message":"Connected to mongodb://localhost/dwtnode...","level":"info"}
{"message":"Server started on port 9000...","level":"info"}
{"message":"Connected to mongodb://localhost/dwtnode...","level":"info"}
{"message":"Server started on port 9000...","level":"info"}
{"message":"Connected to mongodb://localhost/dwtnode...","level":"info"}
{"message":"Server started on port 9000...","level":"info"}
{"message":"Connected to mongodb://localhost/dwtnode...","level":"info"}
{"message":"Server started on port 9000...","level":"info"}
{"message":"Connected to mongodb://localhost/dwtnode...","level":"info"}
{"message":"Server started on port 9000...","level":"info"}
{"message":"Connected to mongodb://localhost/dwtnode...","level":"info"}
{"message":"Server started on port 9000...","level":"info"}
{"message":"Connected to mongodb://localhost/dwtnode...","level":"info"}
{"message":"Server started on port 9000...","level":"info"}
{"message":"Connected to mongodb://localhost/dwtnode...","level":"info"}
{"message":"Server started on port 9000...","level":"info"}
{"message":"Connected to mongodb://localhost/dwtnode...","level":"info"}
{"message":"Server started on port 9000...","level":"info"}
{"message":"Connected to mongodb://localhost/dwtnode...","level":"info"}
{"message":"Server started on port 9000...","level":"info"}
{"message":"Connected to mongodb://localhost/dwtnode...","level":"info"}
{"message":"Server started on port 9000...","level":"info"}
{"message":"Connected to mongodb://localhost/dwtnode...","level":"info"}
{"message":"Server started on port 9000...","level":"info"}
{"message":"Connected to mongodb://localhost/dwtnode...","level":"info"}
{"message":"Server started on port 9000...","level":"info"}
{"message":"Connected to mongodb://localhost/dwtnode...","level":"info"}
{"message":"Server started on port 9000...","level":"info"}
{"message":"Connected to mongodb://localhost/dwtnode...","level":"info"}
{"message":"Server started on port 9000...","level":"info"}
{"message":"Connected to mongodb://localhost/dwtnode...","level":"info"}
{"message":"Server started on port 9000...","level":"info"}
{"message":"Connected to mongodb://localhost/dwtnode...","level":"info"}
{"message":"Server started on port 9000...","level":"info"}
{"message":"Connected to mongodb://localhost/dwtnode...","level":"info"}
{"level":"error","message":"Cannot read property 'userId' of undefined Cannot read property 'userId' of undefined","stack":"TypeError: Cannot read property 'userId' of undefined\n    at C:\\Users\\Hameed\\Desktop\\rn-node\\routes\\my.js:111:45\n    at processTicksAndRejections (internal/process/task_queues.js:97:5)\n    at runNextTicks (internal/process/task_queues.js:66:3)\n    at processImmediate (internal/timers.js:429:9)"}
{"message":"Server started on port 9000...","level":"info"}
{"message":"Connected to mongodb://localhost/dwtnode...","level":"info"}
{"message":"Server started on port 9000...","level":"info"}
{"message":"Connected to mongodb://localhost/dwtnode...","level":"info"}
{"message":"Server started on port 9000...","level":"info"}
{"message":"Connected to mongodb://localhost/dwtnode...","level":"info"}
{"message":"Server started on port 9000...","level":"info"}
{"message":"Connected to mongodb://localhost/dwtnode...","level":"info"}
{"message":"Server started on port 9000...","level":"info"}
{"message":"Connected to mongodb://localhost/dwtnode...","level":"info"}
{"message":"Server started on port 9000...","level":"info"}
{"message":"Connected to mongodb://localhost/dwtnode...","level":"info"}
{"message":"Server started on port 9000...","level":"info"}
{"message":"Connected to mongodb://localhost/dwtnode...","level":"info"}
{"message":"Server started on port 9000...","level":"info"}
{"message":"Connected to mongodb://localhost/dwtnode...","level":"info"}
{"message":"Server started on port 9000...","level":"info"}
{"message":"Connected to mongodb://localhost/dwtnode...","level":"info"}
{"message":"Server started on port 9000...","level":"info"}
{"message":"Connected to mongodb://localhost/dwtnode...","level":"info"}
{"message":"Server started on port 9000...","level":"info"}
{"message":"Server started on port 9000...","level":"info"}
{"message":"Connected to mongodb://localhost/dwtnode...","level":"info"}
{"message":"Server started on port 9000...","level":"info"}
{"message":"Connected to mongodb://localhost/dwtnode...","level":"info"}
{"message":"Server started on port 9000...","level":"info"}
{"message":"Connected to mongodb://localhost/dwtnode...","level":"info"}
{"message":"Server started on port 9000...","level":"info"}
{"message":"Connected to mongodb://localhost/dwtnode...","level":"info"}
{"stringValue":"\"undefined\"","kind":"ObjectId","value":"undefined","path":"_id","reason":{},"level":"error","message":"Cast to ObjectId failed for value \"undefined\" at path \"_id\" for model \"User\" Cast to ObjectId failed for value \"undefined\" at path \"_id\" for model \"User\"","stack":"CastError: Cast to ObjectId failed for value \"undefined\" at path \"_id\" for model \"User\"\n    at model.Query.exec (C:\\Users\\Hameed\\Desktop\\rn-node\\node_modules\\mongoose\\lib\\query.js:4380:21)\n    at model.Query.Query.then (C:\\Users\\Hameed\\Desktop\\rn-node\\node_modules\\mongoose\\lib\\query.js:4472:15)"}
{"stringValue":"\"undefined\"","kind":"ObjectId","value":"undefined","path":"_id","reason":{},"level":"error","message":"Cast to ObjectId failed for value \"undefined\" at path \"_id\" for model \"User\" Cast to ObjectId failed for value \"undefined\" at path \"_id\" for model \"User\"","stack":"CastError: Cast to ObjectId failed for value \"undefined\" at path \"_id\" for model \"User\"\n    at model.Query.exec (C:\\Users\\Hameed\\Desktop\\rn-node\\node_modules\\mongoose\\lib\\query.js:4380:21)\n    at model.Query.Query.then (C:\\Users\\Hameed\\Desktop\\rn-node\\node_modules\\mongoose\\lib\\query.js:4472:15)"}
{"stringValue":"\"undefined\"","kind":"ObjectId","value":"undefined","path":"_id","reason":{},"level":"error","message":"Cast to ObjectId failed for value \"undefined\" at path \"_id\" for model \"User\" Cast to ObjectId failed for value \"undefined\" at path \"_id\" for model \"User\"","stack":"CastError: Cast to ObjectId failed for value \"undefined\" at path \"_id\" for model \"User\"\n    at model.Query.exec (C:\\Users\\Hameed\\Desktop\\rn-node\\node_modules\\mongoose\\lib\\query.js:4380:21)\n    at model.Query.Query.then (C:\\Users\\Hameed\\Desktop\\rn-node\\node_modules\\mongoose\\lib\\query.js:4472:15)"}
{"stringValue":"\"undefined\"","kind":"ObjectId","value":"undefined","path":"_id","reason":{},"level":"error","message":"Cast to ObjectId failed for value \"undefined\" at path \"_id\" for model \"User\" Cast to ObjectId failed for value \"undefined\" at path \"_id\" for model \"User\"","stack":"CastError: Cast to ObjectId failed for value \"undefined\" at path \"_id\" for model \"User\"\n    at model.Query.exec (C:\\Users\\Hameed\\Desktop\\rn-node\\node_modules\\mongoose\\lib\\query.js:4380:21)\n    at model.Query.Query.then (C:\\Users\\Hameed\\Desktop\\rn-node\\node_modules\\mongoose\\lib\\query.js:4472:15)"}
{"stringValue":"\"undefined\"","kind":"ObjectId","value":"undefined","path":"_id","reason":{},"level":"error","message":"Cast to ObjectId failed for value \"undefined\" at path \"_id\" for model \"User\" Cast to ObjectId failed for value \"undefined\" at path \"_id\" for model \"User\"","stack":"CastError: Cast to ObjectId failed for value \"undefined\" at path \"_id\" for model \"User\"\n    at model.Query.exec (C:\\Users\\Hameed\\Desktop\\rn-node\\node_modules\\mongoose\\lib\\query.js:4380:21)\n    at model.Query.Query.then (C:\\Users\\Hameed\\Desktop\\rn-node\\node_modules\\mongoose\\lib\\query.js:4472:15)"}
{"stringValue":"\"undefined\"","kind":"ObjectId","value":"undefined","path":"_id","reason":{},"level":"error","message":"Cast to ObjectId failed for value \"undefined\" at path \"_id\" for model \"User\" Cast to ObjectId failed for value \"undefined\" at path \"_id\" for model \"User\"","stack":"CastError: Cast to ObjectId failed for value \"undefined\" at path \"_id\" for model \"User\"\n    at model.Query.exec (C:\\Users\\Hameed\\Desktop\\rn-node\\node_modules\\mongoose\\lib\\query.js:4380:21)\n    at model.Query.Query.then (C:\\Users\\Hameed\\Desktop\\rn-node\\node_modules\\mongoose\\lib\\query.js:4472:15)"}
{"message":"Server started on port 9000...","level":"info"}
{"message":"Connected to mongodb://localhost/dwtnode...","level":"info"}
{"message":"Server started on port 9000...","level":"info"}
{"message":"Connected to mongodb://localhost/dwtnode...","level":"info"}
{"message":"Server started on port 9000...","level":"info"}
{"message":"Connected to mongodb://localhost/dwtnode...","level":"info"}
{"message":"Server started on port 9000...","level":"info"}
{"message":"Connected to mongodb://localhost/dwtnode...","level":"info"}
{"message":"Server started on port 9000...","level":"info"}
{"message":"Connected to mongodb://localhost/dwtnode...","level":"info"}
{"message":"Server started on port 9000...","level":"info"}
{"message":"Connected to mongodb://localhost/dwtnode...","level":"info"}
{"message":"Server started on port 9000...","level":"info"}
{"message":"Connected to mongodb://localhost/dwtnode...","level":"info"}
{"message":"Server started on port 9000...","level":"info"}
{"message":"Connected to mongodb://localhost/dwtnode...","level":"info"}
{"message":"Server started on port 9000...","level":"info"}
{"message":"Connected to mongodb://localhost/dwtnode...","level":"info"}
{"message":"Server started on port 9000...","level":"info"}
{"message":"Connected to mongodb://localhost/dwtnode...","level":"info"}
